number,value,datetime_start,datetime_complete,duration,params_lam_bal,params_lam_ce,params_lam_l1,params_lr,params_tau,system_attrs_tpe:relative_params:0,state
0,0.20977983850499862,2026-10-02 13:51:13.647376,2026-10-02 13:54:38.324078,0 days 00:03:24.676702,0.06251373574521749,0.29106359131330695,0.5702083881990965,5.6115164153345e-05,2.678154091306088,,COMPLETE
1,0.22325694172278693,2026-10-02 13:54:38.670699,2026-10-02 13:58:03.843318,0 days 00:03:25.172619,0.06358358856676251,0.5399484409787431,0.8186326600082204,2.0511104188433963e-05,0.34292951628939655,,COMPLETE
2,0.21987132711902904,2026-10-02 13:58:04.240834,2026-10-02 14:01:29.395819,0 days 00:03:25.154985,0.004335281794951566,0.46225890010208287,0.5818212352431953,1.0994335574766187e-05,2.7991818073277,,COMPLETE
3,0.22302314865848294,2026-10-02 14:01:29.730677,2026-10-02 14:04:55.266225,0 days 00:03:25.535548,0.01976218934028007,0.11207606211860566,0.6310531130891188,2.3270677083837777e-05,0.6044543365247597,,COMPLETE
4,0.22208818113026407,2026-10-02 14:04:55.707078,2026-10-02 14:08:20.651051,0 days 00:03:24.943973,0.01256277350380703,0.03839629299804171,0.7052314928976662,0.00016738085788752134,0.41363293858061295,,COMPLETE
5,0.22382552468258404,2026-10-02 14:08:20.975805,2026-10-02 14:08:38.987978,0 days 00:00:18.012173,0.05987474910461398,0.10677482709481352,0.520902685723999,0.00037183641805732076,0.4751109467735624,,PRUNED
6,0.22163509707088053,2026-10-02 14:08:39.395430,2026-10-02 14:12:04.974674,0 days 00:03:25.579244,0.7025166339242155,0.013492834268013254,0.9345344148835517,0.000164092867306479,0.4442683535992555,,COMPLETE
7,0.20260897408361017,2026-10-02 14:12:05.303801,2026-10-02 14:15:30.840689,0 days 00:03:25.536888,0.11290133559092672,0.015679933916723017,0.6980686221828205,0.0004138040112561013,0.6049716507542575,,COMPLETE
8,0.2223221267695012,2026-10-02 14:15:31.162336,2026-10-02 14:15:49.104629,0 days 00:00:17.942293,0.5345166110646817,0.011715937392307063,0.6164509917200076,1.7541893487450798e-05,0.9382059110341111,,PRUNED
9,0.22244063311296966,2026-10-02 14:15:49.414494,2026-10-02 14:16:07.377884,0 days 00:00:17.963390,0.043664735929796326,0.10968217207529521,0.5831845049864872,0.00021137059440645722,0.6149394156285053,,PRUNED
10,0.22232507396003476,2026-10-02 14:16:07.793042,2026-10-02 14:16:26.099722,0 days 00:00:18.306680,0.6845570267272908,0.02557636270591936,0.7783814257282788,3.265686027207038e-05,0.9714875532616384,"{""lam_bal"": 0.6845570267272908, ""lam_ce"": 0.02557636270591936, ""lam_l1"": 0.7783814257282788, ""lr"": 3.265686027207038e-05, ""tau"": 0.9714875532616384}",PRUNED
11,0.2218259608616,2026-10-02 14:16:26.430397,2026-10-02 14:16:44.424441,0 days 00:00:17.994044,0.0830605073197222,0.5768537037505507,0.5447918661165455,7.278228444634168e-05,1.8991769808214738,"{""lam_bal"": 0.0830605073197222, ""lam_ce"": 0.5768537037505507, ""lam_l1"": 0.5447918661165455, ""lr"": 7.278228444634168e-05, ""tau"": 1.8991769808214738}",PRUNED
12,0.22582054041002106,2026-10-02 14:16:44.769677,2026-10-02 14:17:02.726761,0 days 00:00:17.957084,0.14010750308824207,0.3368243002058652,0.6496690961394388,0.00044313812554526894,0.8353753817845537,"{""lam_bal"": 0.14010750308824207, ""lam_ce"": 0.3368243002058652, ""lam_l1"": 0.6496690961394388, ""lr"": 0.00044313812554526894, ""tau"": 0.8353753817845537}",PRUNED
13,0.1954294708759888,2026-10-02 14:17:03.045696,2026-10-02 14:20:28.414534,0 days 00:03:25.368838,0.16414083340694208,0.012522657322473802,0.774084892604601,0.0003328512683306015,1.676931960647724,"{""lam_bal"": 0.16414083340694208, ""lam_ce"": 0.012522657322473802, ""lam_l1"": 0.774084892604601, ""lr"": 0.0003328512683306015, ""tau"": 1.676931960647724}",COMPLETE
14,0.2092395525263704,2026-10-02 14:20:28.744532,2026-10-02 14:23:54.594952,0 days 00:03:25.850420,0.4379028368147249,0.016781601089348234,0.7305483613038604,0.00035303541704798173,1.3065716694417193,"{""lam_bal"": 0.4379028368147249, ""lam_ce"": 0.016781601089348234, ""lam_l1"": 0.7305483613038604, ""lr"": 0.00035303541704798173, ""tau"": 1.3065716694417193}",COMPLETE
15,0.21656398750517675,2026-10-02 14:23:54.956611,2026-10-02 14:27:20.072388,0 days 00:03:25.115777,0.18362839120451765,0.02097778919622989,0.8882837110990051,0.00014284338371591378,1.0012312688221172,"{""lam_bal"": 0.18362839120451765, ""lam_ce"": 0.02097778919622989, ""lam_l1"": 0.8882837110990051, ""lr"": 0.00014284338371591378, ""tau"": 1.0012312688221172}",COMPLETE
16,0.22127915951220883,2026-10-02 14:27:20.499382,2026-10-02 14:27:38.817699,0 days 00:00:18.318317,0.22252175378585956,0.0442227033218339,0.80715616239855,0.0004421131936755358,2.0678218928412346,"{""lam_bal"": 0.22252175378585956, ""lam_ce"": 0.0442227033218339, ""lam_l1"": 0.80715616239855, ""lr"": 0.0004421131936755358, ""tau"": 2.0678218928412346}",PRUNED
17,0.20537511842406317,2026-10-02 14:27:39.150955,2026-10-02 14:31:04.493801,0 days 00:03:25.342846,0.38831209803671307,0.01231867591340137,0.6027828130011388,0.000581428358725382,0.5644249822563263,"{""lam_bal"": 0.38831209803671307, ""lam_ce"": 0.01231867591340137, ""lam_l1"": 0.6027828130011388, ""lr"": 0.000581428358725382, ""tau"": 0.5644249822563263}",COMPLETE
18,0.22049874585607776,2026-10-02 14:31:04.900015,2026-10-02 14:31:23.342910,0 days 00:00:18.442895,0.03960257981782388,0.013753321452823538,0.8190038057110081,0.00016339438061001182,0.5645956992162184,"{""lam_bal"": 0.03960257981782388, ""lam_ce"": 0.013753321452823538, ""lam_l1"": 0.8190038057110081, ""lr"": 0.00016339438061001182, ""tau"": 0.5645956992162184}",PRUNED
19,0.19067181565839314,2026-10-02 14:31:23.647477,2026-10-02 14:34:48.794089,0 days 00:03:25.146612,0.10509751486396296,0.027366447373914596,0.6491360393952962,0.0005276846189683864,1.3739691451864726,"{""lam_bal"": 0.10509751486396296, ""lam_ce"": 0.027366447373914596, ""lam_l1"": 0.6491360393952962, ""lr"": 0.0005276846189683864, ""tau"": 1.3739691451864726}",COMPLETE
