number,value,datetime_start,datetime_complete,duration,params_alpha,params_base,params_batch_size,params_dropout,params_latent_ch,params_lr,system_attrs_tpe:relative_params:0,state
0,0.45117492358321726,2026-10-02 11:49:31.667124,2026-10-02 11:50:57.722961,0 days 00:01:26.055837,0.5955525998052242,48,16,0.2497327922401265,32,0.0003574712922600243,,COMPLETE
1,0.5230524588538252,2026-10-02 11:50:58.069008,2026-10-02 11:52:21.628928,0 days 00:01:23.559920,0.7314054972861253,48,64,0.05990213464750792,16,0.00018559980846490597,,COMPLETE
2,0.4616937268039455,2026-10-02 11:52:21.951555,2026-10-02 11:53:22.967888,0 days 00:01:01.016333,0.7228296095500716,32,32,0.036611470453433645,16,0.000750011895041699,,COMPLETE
3,0.55414052825907,2026-10-02 11:53:23.299396,2026-10-02 11:54:29.909679,0 days 00:01:06.610283,0.9148434057604025,32,16,0.17936999364332554,64,0.00011240768803005555,,COMPLETE
4,0.5781872139676757,2026-10-02 11:54:30.267938,2026-10-02 11:56:01.513361,0 days 00:01:31.245423,0.9440991214702328,48,128,0.022365193103931248,16,0.00013511829476450826,,COMPLETE
5,0.49856063302444376,2026-10-02 11:56:01.811273,2026-10-02 11:57:01.665113,0 days 00:00:59.853840,0.5286012576287107,32,64,0.09926940745579475,16,0.0013826083091896758,,COMPLETE
6,0.7325688768988071,2026-10-02 11:57:01.968381,2026-10-02 11:57:23.040475,0 days 00:00:21.072094,0.6923934582613473,32,128,0.1568198488145982,64,0.0002879775265707035,,PRUNED
7,0.8628214144188425,2026-10-02 11:57:23.335303,2026-10-02 11:57:36.984755,0 days 00:00:13.649452,0.5725495792643019,16,64,0.0869254358741304,16,0.00010903028125371,,PRUNED
8,0.6264378739439923,2026-10-02 11:57:37.291456,2026-10-02 11:57:50.868897,0 days 00:00:13.577441,0.6921985048818153,16,64,0.0683805487625825,16,0.0023619797107806506,,PRUNED
9,0.5356040687664696,2026-10-02 11:57:51.284029,2026-10-02 11:58:49.474963,0 days 00:00:58.190934,0.9373019372244322,48,16,0.1090888807137882,64,0.0016155001304356408,,PRUNED
10,0.4208366430324057,2026-10-02 11:58:49.784201,2026-10-02 12:00:15.570901,0 days 00:01:25.786700,0.6156442463092597,48,16,0.15309479581592264,32,0.0005291835459963587,"{""alpha"": 0.6156442463092597, ""base"": 48, ""batch_size"": 16, ""dropout"": 0.15309479581592264, ""latent_ch"": 32, ""lr"": 0.0005291835459963587}",COMPLETE
11,0.44804372379313345,2026-10-02 12:00:15.874475,2026-10-02 12:01:41.602658,0 days 00:01:25.728183,0.6239751092234612,48,16,0.1027086112305193,32,0.0002438904962982653,"{""alpha"": 0.6239751092234612, ""base"": 48, ""batch_size"": 16, ""dropout"": 0.1027086112305193, ""latent_ch"": 32, ""lr"": 0.0002438904962982653}",COMPLETE
12,0.41194309423799097,2026-10-02 12:01:41.927512,2026-10-02 12:03:07.884087,0 days 00:01:25.956575,0.5323935135720659,48,16,0.020557798582711062,32,0.0002623080480007082,"{""alpha"": 0.5323935135720659, ""base"": 48, ""batch_size"": 16, ""dropout"": 0.020557798582711062, ""latent_ch"": 32, ""lr"": 0.0002623080480007082}",COMPLETE
13,0.5574302608552186,2026-10-02 12:03:08.208797,2026-10-02 12:03:36.963537,0 days 00:00:28.754740,0.514903053147727,48,16,0.04322470648023338,8,0.0007201132373653262,"{""alpha"": 0.514903053147727, ""base"": 48, ""batch_size"": 16, ""dropout"": 0.04322470648023338, ""latent_ch"": 8, ""lr"": 0.0007201132373653262}",PRUNED
14,0.594985623722491,2026-10-02 12:03:37.278465,2026-10-02 12:03:52.527207,0 days 00:00:15.248742,0.519544704555489,16,16,0.003307388071002358,32,0.00011887739702328543,"{""alpha"": 0.519544704555489, ""base"": 16, ""batch_size"": 16, ""dropout"": 0.003307388071002358, ""latent_ch"": 32, ""lr"": 0.00011887739702328543}",PRUNED
15,0.45329172585321514,2026-10-02 12:03:52.851341,2026-10-02 12:05:00.367551,0 days 00:01:07.516210,0.5083824249663123,32,16,0.16246498887730632,32,0.0004109175046422751,"{""alpha"": 0.5083824249663123, ""base"": 32, ""batch_size"": 16, ""dropout"": 0.16246498887730632, ""latent_ch"": 32, ""lr"": 0.0004109175046422751}",COMPLETE
16,0.430026668569316,2026-10-02 12:05:00.785950,2026-10-02 12:06:27.490056,0 days 00:01:26.704106,0.6568892578920125,48,16,0.1743376015334309,32,0.0009016460755513758,"{""alpha"": 0.6568892578920125, ""base"": 48, ""batch_size"": 16, ""dropout"": 0.1743376015334309, ""latent_ch"": 32, ""lr"": 0.0009016460755513758}",COMPLETE
17,0.5607540361259294,2026-10-02 12:06:27.789683,2026-10-02 12:06:56.721215,0 days 00:00:28.931532,0.5038871003569181,48,16,0.22995455624115804,32,0.0008500569920751516,"{""alpha"": 0.5038871003569181, ""base"": 48, ""batch_size"": 16, ""dropout"": 0.22995455624115804, ""latent_ch"": 32, ""lr"": 0.0008500569920751516}",PRUNED
18,0.6249866320387176,2026-10-02 12:06:57.043107,2026-10-02 12:07:25.396032,0 days 00:00:28.352925,0.511680184729985,48,64,0.2288155460942333,32,0.00013013330850811326,"{""alpha"": 0.511680184729985, ""base"": 48, ""batch_size"": 64, ""dropout"": 0.2288155460942333, ""latent_ch"": 32, ""lr"": 0.00013013330850811326}",PRUNED
19,0.44259924085243885,2026-10-02 12:07:25.691591,2026-10-02 12:08:52.250642,0 days 00:01:26.559051,0.6523794651560513,48,16,0.05021413085888671,8,0.0004157073414003069,"{""alpha"": 0.6523794651560513, ""base"": 48, ""batch_size"": 16, ""dropout"": 0.05021413085888671, ""latent_ch"": 8, ""lr"": 0.0004157073414003069}",COMPLETE
20,0.5725735095532044,2026-10-02 12:08:52.568769,2026-10-02 12:09:21.053277,0 days 00:00:28.484508,0.6414853200929582,48,64,0.009654225041477088,32,0.00037945683064648803,"{""alpha"": 0.6414853200929582, ""base"": 48, ""batch_size"": 64, ""dropout"": 0.009654225041477088, ""latent_ch"": 32, ""lr"": 0.00037945683064648803}",PRUNED
21,0.5472010250972665,2026-10-02 12:09:21.351258,2026-10-02 12:09:50.101390,0 days 00:00:28.750132,0.6443361649055478,48,16,0.22240428304107807,32,0.001368636454135442,"{""alpha"": 0.6443361649055478, ""base"": 48, ""batch_size"": 16, ""dropout"": 0.22240428304107807, ""latent_ch"": 32, ""lr"": 0.001368636454135442}",PRUNED
22,0.5559108072648877,2026-10-02 12:09:50.411246,2026-10-02 12:10:19.452446,0 days 00:00:29.041200,0.5799132653539575,48,16,0.0976024509283778,32,0.0012105975131044232,"{""alpha"": 0.5799132653539575, ""base"": 48, ""batch_size"": 16, ""dropout"": 0.0976024509283778, ""latent_ch"": 32, ""lr"": 0.0012105975131044232}",PRUNED
23,0.54450646949851,2026-10-02 12:10:19.763636,2026-10-02 12:10:42.530866,0 days 00:00:22.767230,0.5899965140979987,32,16,0.20410293163120663,32,0.000700384798543478,"{""alpha"": 0.5899965140979987, ""base"": 32, ""batch_size"": 16, ""dropout"": 0.20410293163120663, ""latent_ch"": 32, ""lr"": 0.000700384798543478}",PRUNED
24,0.5665531877590262,2026-10-02 12:10:42.954818,2026-10-02 12:11:12.379782,0 days 00:00:29.424964,0.679037369044995,48,16,0.10507232108041713,32,0.00098490762454052,"{""alpha"": 0.679037369044995, ""base"": 48, ""batch_size"": 16, ""dropout"": 0.10507232108041713, ""latent_ch"": 32, ""lr"": 0.00098490762454052}",PRUNED
