number,value,datetime_start,datetime_complete,duration,params_alpha,params_base,params_batch_size,params_latent_ch,params_lr,system_attrs_tpe:relative_params:0,state
0,0.5844156818761341,2026-10-02 12:41:31.172184,2026-10-02 12:44:34.624939,0 days 00:03:03.452755,0.8745991883601898,48,128,8,0.0003574712922600243,,COMPLETE
1,0.5923739321853804,2026-10-02 12:44:34.974207,2026-10-02 12:47:37.724725,0 days 00:03:02.750518,0.8533291826268561,48,128,64,0.00020589728197687926,,COMPLETE
2,0.47658540988745896,2026-10-02 12:47:38.033289,2026-10-02 12:50:30.840319,0 days 00:02:52.807030,0.8079048619304705,48,16,64,0.00019721610970574026,,COMPLETE
3,0.584432393528413,2026-10-02 12:50:31.152676,2026-10-02 12:52:39.890229,0 days 00:02:08.737553,0.8488097705125015,32,128,64,0.00044684675025045853,,COMPLETE
4,0.5501186031362284,2026-10-02 12:52:40.197291,2026-10-02 12:55:31.622155,0 days 00:02:51.424864,0.6264205293593214,48,64,32,0.002442046084491142,,COMPLETE
5,0.5056097064761148,2026-10-02 12:55:31.938404,2026-10-02 12:57:02.183784,0 days 00:01:30.245380,0.5333200932803407,16,16,64,0.000633326877532184,,COMPLETE
6,0.5216268174674199,2026-10-02 12:57:02.501386,2026-10-02 12:59:53.114862,0 days 00:02:50.613476,0.5538174106722358,48,64,16,0.00033845220412011414,,COMPLETE
7,0.5382715962503267,2026-10-02 12:59:53.468298,2026-10-02 13:00:48.698918,0 days 00:00:55.230620,0.7288568110241163,16,64,32,0.001131225105716033,,PRUNED
8,0.495362522593443,2026-10-02 13:00:49.055329,2026-10-02 13:03:04.583723,0 days 00:02:15.528394,0.8616524346046015,32,16,32,0.0021907142272152816,,COMPLETE
9,0.6048021883420323,2026-10-02 13:03:04.919765,2026-10-02 13:04:01.245417,0 days 00:00:56.325652,0.7298362861599046,16,64,64,0.00018861950443028856,,PRUNED
10,0.4669130948790605,2026-10-02 13:04:01.574649,2026-10-02 13:06:55.612884,0 days 00:02:54.038235,0.7603582166914005,48,16,32,0.0002484965337695904,"{""alpha"": 0.7603582166914005, ""base"": 48, ""batch_size"": 16, ""latent_ch"": 32, ""lr"": 0.0002484965337695904}",COMPLETE
11,0.47741489112377167,2026-10-02 13:06:55.965892,2026-10-02 13:09:49.517495,0 days 00:02:53.551603,0.8089808557751416,48,16,32,0.00021460980717454066,"{""alpha"": 0.8089808557751416, ""base"": 48, ""batch_size"": 16, ""latent_ch"": 32, ""lr"": 0.00021460980717454066}",COMPLETE
12,0.4388430827985639,2026-10-02 13:09:49.873670,2026-10-02 13:12:43.447912,0 days 00:02:53.574242,0.6967950069624231,48,16,64,0.0008739403897971273,"{""alpha"": 0.6967950069624231, ""base"": 48, ""batch_size"": 16, ""latent_ch"": 64, ""lr"": 0.0008739403897971273}",COMPLETE
13,0.44874377829441126,2026-10-02 13:12:43.760555,2026-10-02 13:15:36.583641,0 days 00:02:52.823086,0.7709399703286863,48,16,64,0.0007348623622068766,"{""alpha"": 0.7709399703286863, ""base"": 48, ""batch_size"": 16, ""latent_ch"": 64, ""lr"": 0.0007348623622068766}",COMPLETE
14,0.44770833234424173,2026-10-02 13:15:36.909428,2026-10-02 13:18:30.719216,0 days 00:02:53.809788,0.7200335249502446,48,16,64,0.0013841584184184914,"{""alpha"": 0.7200335249502446, ""base"": 48, ""batch_size"": 16, ""latent_ch"": 64, ""lr"": 0.0013841584184184914}",COMPLETE
