number,value,datetime_start,datetime_complete,duration,params_base,params_batch_size,params_dropout,params_lam_l1,params_lr_d,params_lr_g,params_style_dim,system_attrs_tpe:relative_params:0,state
0,0.6267674928941066,2026-10-02 14:57:08.927407,2026-10-02 14:58:59.696501,0 days 00:01:50.769094,48,4,0.35403628889802274,18.891200276189384,0.0008627358286640176,0.00023688639503640813,16,,COMPLETE
1,0.6108231574484387,2026-10-02 14:58:59.989426,2026-10-02 14:59:53.090716,0 days 00:00:53.101290,32,8,0.18318092164684585,46.66963767236923,8.66133373527314e-05,0.0001519934830130982,16,,COMPLETE
2,0.607516867559661,2026-10-02 14:59:53.378029,2026-10-02 15:00:37.421637,0 days 00:00:44.043608,32,32,0.048836057003191935,44.07984038169242,5.746499650110708e-05,0.0003912141628549697,8,,COMPLETE
3,0.6039480533239977,2026-10-02 15:00:37.733870,2026-10-02 15:02:41.749972,0 days 00:02:04.016102,64,8,0.3875664116805573,158.26541904647559,0.000762119586423319,0.00010824018381500966,8,,COMPLETE
4,0.5944388317611982,2026-10-02 15:02:42.051992,2026-10-02 15:03:30.334229,0 days 00:00:48.282237,32,16,0.27134804157912423,192.29567074543374,8.993931736681468e-05,0.00012260057359187533,16,,COMPLETE
5,0.6617731898085877,2026-10-02 15:03:30.641001,2026-10-02 15:03:41.590063,0 days 00:00:10.949062,32,8,0.05793452976256486,12.097379927033845,9.067865433891709e-05,0.0005918951335463647,8,,PRUNED
6,0.6842162099274449,2026-10-02 15:03:41.899540,2026-10-02 15:04:04.887963,0 days 00:00:22.988423,64,16,0.2806385987847481,35.995125264172316,0.00013244734603681335,0.00020463613363481617,8,,PRUNED
7,0.7104632149702348,2026-10-02 15:04:05.207775,2026-10-02 15:04:17.583196,0 days 00:00:12.375421,32,8,0.37777556927152434,16.208907007203535,6.907803691475433e-05,0.00010602764778958878,32,,PRUNED
8,0.6618716056991673,2026-10-02 15:04:17.967480,2026-10-02 15:04:28.669477,0 days 00:00:10.701997,32,8,0.4480456499617466,35.94843964212238,0.0005628061807968162,0.0008505456981059524,8,,PRUNED
9,0.5692714745143674,2026-10-02 15:04:28.997208,2026-10-02 15:06:37.897348,0 days 00:02:08.900140,64,8,0.16160146601037761,183.78820614214746,0.0006588799793669752,0.0006576801979658926,16,,COMPLETE
10,0.5639306794172563,2026-10-02 15:06:38.196233,2026-10-02 15:08:46.959914,0 days 00:02:08.763681,64,8,0.1458851736765477,125.02282316472103,0.0007849202416372844,0.00048477499066815845,16,"{""base"": 64, ""batch_size"": 8, ""dropout"": 0.1458851736765477, ""lam_l1"": 125.02282316472103, ""lr_d"": 0.0007849202416372844, ""lr_g"": 0.00048477499066815845, ""style_dim"": 16}",COMPLETE
11,0.5686669049772827,2026-10-02 15:08:47.263132,2026-10-02 15:10:56.219584,0 days 00:02:08.956452,64,8,0.18539980825174013,152.64997596551393,0.0005943395530999909,0.0006806855869901452,16,"{""base"": 64, ""batch_size"": 8, ""dropout"": 0.18539980825174013, ""lam_l1"": 152.64997596551393, ""lr_d"": 0.0005943395530999909, ""lr_g"": 0.0006806855869901452, ""style_dim"": 16}",COMPLETE
12,0.5888234099502083,2026-10-02 15:10:56.501906,2026-10-02 15:13:05.312482,0 days 00:02:08.810576,64,8,0.2674273449305945,66.7720586998639,0.0008369619364520889,0.0008818851693140604,16,"{""base"": 64, ""batch_size"": 8, ""dropout"": 0.2674273449305945, ""lam_l1"": 66.7720586998639, ""lr_d"": 0.0008369619364520889, ""lr_g"": 0.0008818851693140604, ""style_dim"": 16}",COMPLETE
13,0.5625522436585816,2026-10-02 15:13:05.619196,2026-10-02 15:15:14.203388,0 days 00:02:08.584192,64,8,0.0968884214125121,196.68078676634534,0.0003040211648667333,0.0003596643265887001,16,"{""base"": 64, ""batch_size"": 8, ""dropout"": 0.0968884214125121, ""lam_l1"": 196.68078676634534, ""lr_d"": 0.0003040211648667333, ""lr_g"": 0.0003596643265887001, ""style_dim"": 16}",COMPLETE
14,0.6254932685468182,2026-10-02 15:15:14.502347,2026-10-02 15:15:40.831225,0 days 00:00:26.328878,64,8,0.2090964307405403,110.36669307775188,0.00023861848252231793,0.0002679362769734953,16,"{""base"": 64, ""batch_size"": 8, ""dropout"": 0.2090964307405403, ""lam_l1"": 110.36669307775188, ""lr_d"": 0.00023861848252231793, ""lr_g"": 0.0002679362769734953, ""style_dim"": 16}",PRUNED
